Loaded module: studio/12u6
Loaded dependency [gcc/6.3.0]: binutils/2.29
Loaded module: gcc/6.3.0

Loading gcc/6.3.0
  Loading requirement: binutils/2.29
gcc -O3 -fPIC	    -c -o matmult_fun.o matmult_fun.c
gcc -o libmatmult.so -shared  matmult_fun.o -L/usr/lib64/atlas -lsatlas
Creating experiment database collector.11988125.er (Process ID: 22861) ...
    30.375   1798.959 # matmult_mnk
    30.375   3151.155 # matmult_mkn
    30.375   2928.354 # matmult_kmn
    30.375   1437.427 # matmult_knm
    30.375   1202.242 # matmult_nkm
    30.375   1610.077 # matmult_nmk

------------------------------------------------------------
Sender: LSF System <lsfadmin@hpc.dtu.dk>
Subject: Job 11988125: <collector> in cluster <dcc> Done

Job <collector> was submitted from host <n-62-30-1> by user <s212415> in cluster <dcc> at Thu Jan  6 22:32:31 2022
Job was executed on host(s) <n-62-21-76>, in queue <hpcintro>, as user <s212415> in cluster <dcc> at Thu Jan  6 22:32:33 2022
</zhome/7a/e/164714> was used as the home directory.
</zhome/7a/e/164714/Desktop/Assignments/Tuning_assign/02614_assign1_tools_SL7> was used as the working directory.
Started at Thu Jan  6 22:32:33 2022
Terminated at Thu Jan  6 22:32:35 2022
Results reported at Thu Jan  6 22:32:35 2022

Your job looked like:

------------------------------------------------------------
# LSBATCH: User input
#!/bin/bash
# 02614 - High-Performance Computing, January 2022
# 
# batch script to run collect on a decidated server in the hpcintro
# queue
#
# Author: Bernd Dammann <bd@cc.dtu.dk>
#
#BSUB -J collector
#BSUB -o collector_%J.out
#BSUB -q hpcintro
#BSUB -n 1
#BSUB -R "rusage[mem=2048]"
#BSUB -W 60
# uncomment the following line, if you want to assure that your job has
# a whole CPU for itself (shared L3 cache)
# #BSUB -R "span[hosts=1] affinity[socket(1)]"

# needed for the collect tool
module load studio

# define the driver name to use
# valid values: matmult_c.studio, matmult_f.studio, matmult_c.gcc or
# matmult_f.gcc
#
EXECUTABLE=matmult_c.gcc

# define the mkn values in the MKN variable
#
MKN="36 36 36"

# define the permutation type in PERM
#
PERM="per"

# uncomment and set a reasonable BLKSIZE for the blk version
#
# BLKSIZE=1

# define the max no. of iterations the driver should use - adjust to
# get a reasonable run time.  You can get an estimate by trying this
# on the command line, i.e. "MFLOPS_MAX_IT=10 ./matmult_...." for the
# problem size you want to analyze.
#
export MFLOPS_MAX_IT=1000
export MATMULT_COMPARE=0

# experiment name 
#
JID=${LSB_JOBID}

(... more ...)
------------------------------------------------------------

Successfully completed.

Resource usage summary:

    CPU time :                                   1.14 sec.
    Max Memory :                                 -
    Average Memory :                             -
    Total Requested Memory :                     2048.00 MB
    Delta Memory :                               -
    Max Swap :                                   -
    Max Processes :                              -
    Max Threads :                                -
    Run time :                                   2 sec.
    Turnaround time :                            4 sec.

The output (if any) is above this job summary.

