CPU(s):                24
On-line CPU(s) list:   0-23
Thread(s) per core:    1
Socket(s):             2
NUMA node(s):          2
Model name:            Intel(R) Xeon(R) CPU E5-2650 v4 @ 2.20GHz
NUMA node0 CPU(s):     0-11
NUMA node1 CPU(s):     12-23
mkn
knm
nkm

------------------------------------------------------------
Sender: LSF System <lsfadmin@hpc.dtu.dk>
Subject: Job 11973434: <mm_batch> in cluster <dcc> Done

Job <mm_batch> was submitted from host <n-62-27-23> by user <s212415> in cluster <dcc> at Thu Jan  6 12:27:19 2022
Job was executed on host(s) <n-62-21-77>, in queue <hpcintro>, as user <s212415> in cluster <dcc> at Thu Jan  6 12:27:20 2022
</zhome/7a/e/164714> was used as the home directory.
</zhome/7a/e/164714/Desktop/Assignments/Tuning_assign/02614_assign1_tools_SL7> was used as the working directory.
Started at Thu Jan  6 12:27:20 2022
Terminated at Thu Jan  6 12:27:49 2022
Results reported at Thu Jan  6 12:27:49 2022

Your job looked like:

------------------------------------------------------------
# LSBATCH: User input
#!/bin/bash
# 02614 - High-Performance Computing, January 2022
# 
# batch script to run matmult on a decidated server in the hpcintro
# queue
#
# Author: Bernd Dammann <bd@cc.dtu.dk>
#
#BSUB -J mm_batch
#BSUB -o mm_batch_%J.out
#BSUB -q hpcintro
#BSUB -n 1
#BSUB -R "rusage[mem=2048]"
#BSUB -W 15
# uncomment the following line, if you want to assure that your job has
# a whole CPU for itself (shared L3 cache)
# #BSUB -R "span[hosts=1] affinity[socket(1)]"

# define the driver name to use
# valid values: matmult_c.studio, matmult_f.studio, matmult_c.gcc or
# matmult_f.gcc
#
EXECUTABLE=matmult_c.gcc

# define the mkn values in the MKN variable
#
SIZES="100 200 500"

# define the permutation type in PERM
#
PERM="mkn knm nkm"

# uncomment and set a reasonable BLKSIZE for the blk version
#
# BLKSIZE=1

# enable(1)/disable(0) result checking
export MATMULT_COMPARE=0

# start the collect command with the above settings
lscpu | egrep 'Model name|Socket|Thread|NUMA|CPU\(s\)'

for P in $PERM
do
echo $P
for S in $SIZES
do
    ./$EXECUTABLE $P $S $S $S $BLKSIZE | grep -v CPU >> $P.dat
done
done

(... more ...)
------------------------------------------------------------

Successfully completed.

Resource usage summary:

    CPU time :                                   28.33 sec.
    Max Memory :                                 5 MB
    Average Memory :                             5.00 MB
    Total Requested Memory :                     2048.00 MB
    Delta Memory :                               2043.00 MB
    Max Swap :                                   -
    Max Processes :                              5
    Max Threads :                                6
    Run time :                                   144 sec.
    Turnaround time :                            30 sec.

The output (if any) is above this job summary.

