CPU(s):                24
On-line CPU(s) list:   0-23
Thread(s) per core:    1
Socket(s):             2
NUMA node(s):          2
Model name:            Intel(R) Xeon(R) CPU E5-2650 v4 @ 2.20GHz
NUMA node0 CPU(s):     0-11
NUMA node1 CPU(s):     12-23
Loaded dependency [gcc/6.3.0]: binutils/2.29
Loaded module: gcc/6.3.0

Loading gcc/6.3.0
  Loading requirement: binutils/2.29
Usage: ./matmult_c.gcc version m k n [bs]
Usage: ./matmult_c.gcc version m k n [bs]
Usage: ./matmult_c.gcc version m k n [bs]
Usage: ./matmult_c.gcc version m k n [bs]
Usage: ./matmult_c.gcc version m k n [bs]
Usage: ./matmult_c.gcc version m k n [bs]
Usage: ./matmult_c.gcc version m k n [bs]
Usage: ./matmult_c.gcc version m k n [bs]
Usage: ./matmult_c.gcc version m k n [bs]
Usage: ./matmult_c.gcc version m k n [bs]
Usage: ./matmult_c.gcc version m k n [bs]
Usage: ./matmult_c.gcc version m k n [bs]
Usage: ./matmult_c.gcc version m k n [bs]
Usage: ./matmult_c.gcc version m k n [bs]
Usage: ./matmult_c.gcc version m k n [bs]
Usage: ./matmult_c.gcc version m k n [bs]
Usage: ./matmult_c.gcc version m k n [bs]
Usage: ./matmult_c.gcc version m k n [bs]
Usage: ./matmult_c.gcc version m k n [bs]
Usage: ./matmult_c.gcc version m k n [bs]
Usage: ./matmult_c.gcc version m k n [bs]
Usage: ./matmult_c.gcc version m k n [bs]
Usage: ./matmult_c.gcc version m k n [bs]
Usage: ./matmult_c.gcc version m k n [bs]
Usage: ./matmult_c.gcc version m k n [bs]
Usage: ./matmult_c.gcc version m k n [bs]
Usage: ./matmult_c.gcc version m k n [bs]
Usage: ./matmult_c.gcc version m k n [bs]
Usage: ./matmult_c.gcc version m k n [bs]
Usage: ./matmult_c.gcc version m k n [bs]

------------------------------------------------------------
Sender: LSF System <lsfadmin@hpc.dtu.dk>
Subject: Job 11977491: <mm_blk> in cluster <dcc> Exited

Job <mm_blk> was submitted from host <n-62-30-8> by user <s212415> in cluster <dcc> at Thu Jan  6 15:00:26 2022
Job was executed on host(s) <n-62-21-75>, in queue <hpcintro>, as user <s212415> in cluster <dcc> at Thu Jan  6 15:00:28 2022
</zhome/7a/e/164714> was used as the home directory.
</zhome/7a/e/164714/Desktop/Assignments/Tuning_assign/02614_assign1_tools_SL7> was used as the working directory.
Started at Thu Jan  6 15:00:28 2022
Terminated at Thu Jan  6 15:00:29 2022
Results reported at Thu Jan  6 15:00:29 2022

Your job looked like:

------------------------------------------------------------
# LSBATCH: User input
#!/bin/bash
# 02614 - High-Performance Computing, January 2022
# 
# batch script to run matmult on a decidated server in the hpcintro
# queue
#
#
#BSUB -J mm_blk
#BSUB -o mm_blk_%J.out
#BSUB -q hpcintro
#BSUB -n 1
#BSUB -R "rusage[mem=2048]"
#BSUB -W 15

# uncomment the following line, if you want to assure that your job has
# a whole CPU for itself (shared L3 cache)
# #BSUB -R "span[hosts=1] affinity[socket(1)]"

# define the driver name to use
# valid values: matmult_c.studio, matmult_f.studio, matmult_c.gcc or
# matmult_f.gcc
#
EXECUTABLE=matmult_c.gcc

# define the mkn values in the MKN variable
#
#SIZES="12 24 30 48 124 170 200 250 350 480 520 730 800 900 1000 1500"
SIZES="100 200 500"

# define the permutation type in PERM
#
PERM="blk"

# uncomment and set a reasonable BLKSIZE for the blk version
#
BLKSIZE="1 2 3 4 5 6 7 8 9 10"

# enable(1)/disable(0) result checking
export MATMULT_COMPARE=0

# start the collect command with the above settings
lscpu | egrep 'Model name|Socket|Thread|NUMA|CPU\(s\)'
module load gcc
for blk in $BLKSIZE
do
	File_NAME="blk_"$blk".dat"
	rm BlockS_Data/$File_NAME
	for S in $SIZES
	do
		./$EXECUTABLE $P $S $S $S $BLKSIZE  | grep -v CPU >> BlockS_Data/$File_NAME

(... more ...)
------------------------------------------------------------

Exited with exit code 1.

Resource usage summary:

    CPU time :                                   0.59 sec.
    Max Memory :                                 -
    Average Memory :                             -
    Total Requested Memory :                     2048.00 MB
    Delta Memory :                               -
    Max Swap :                                   -
    Max Processes :                              -
    Max Threads :                                -
    Run time :                                   70 sec.
    Turnaround time :                            3 sec.

The output (if any) is above this job summary.

