/zhome/4c/5/165005/.lsbatch/1641545707.11988678.shell: line 27: syntax error near unexpected token `<<<'
/zhome/4c/5/165005/.lsbatch/1641545707.11988678.shell: line 27: `<<<<<<< HEAD'

------------------------------------------------------------
Sender: LSF System <lsfadmin@hpc.dtu.dk>
Subject: Job 11988678: <mm_blk> in cluster <dcc> Exited

Job <mm_blk> was submitted from host <n-62-30-5> by user <s212959> in cluster <dcc> at Fri Jan  7 09:55:07 2022
Job was executed on host(s) <n-62-21-77>, in queue <hpcintro>, as user <s212959> in cluster <dcc> at Fri Jan  7 09:55:09 2022
</zhome/4c/5/165005> was used as the home directory.
</zhome/4c/5/165005/HighPerformanceComputing/Tuning_assign/02614_assign1_tools_SL7> was used as the working directory.
Started at Fri Jan  7 09:55:09 2022
Terminated at Fri Jan  7 09:55:10 2022
Results reported at Fri Jan  7 09:55:10 2022

Your job looked like:

------------------------------------------------------------
# LSBATCH: User input
#!/bin/bash
# 02614 - High-Performance Computing, January 2022
# 
# batch script to run matmult on a decidated server in the hpcintro
# queue
#
#
#BSUB -J mm_blk
#BSUB -o mm_blk_%J.out
#BSUB -q hpcintro
#BSUB -n 1
#BSUB -R "rusage[mem=2048]"
#BSUB -W 30

# uncomment the following line, if you want to assure that your job has
# a whole CPU for itself (shared L3 cache)
# #BSUB -R "span[hosts=1] affinity[socket(1)]"

# define the driver name to use
# valid values: matmult_c.studio, matmult_f.studio, matmult_c.gcc or
# matmult_f.gcc
#
EXECUTABLE=matmult_c.gcc

# define the mkn values in the MKN variable
#
<<<<<<< HEAD
SIZES="12 24 30 48 124 170 200 250 350 480 520 730 800 900 1000 1500"
#SIZES="1500"

SIZES="12 24 36 48 75 102 124 200 250 350 480 730 800 1000 1200 1500"

# define the permutation type in PERM
#
PERM="blk"

# uncomment and set a reasonable BLKSIZE for the blk version
#
BLKSIZE="2 4 8 16 32 64 128 256 512 1028 2056"

# enable(1)/disable(0) result checking
export MATMULT_COMPARE=0

# start the collect command with the above settings
lscpu | egrep 'Model name|Socket|Thread|NUMA|CPU\(s\)'
module load gcc
make clean
make OPT="-g -O3"
for S in $SIZES
do

(... more ...)
------------------------------------------------------------

Exited with exit code 2.

Resource usage summary:

    CPU time :                                   0.32 sec.
    Max Memory :                                 -
    Average Memory :                             -
    Total Requested Memory :                     2048.00 MB
    Delta Memory :                               -
    Max Swap :                                   -
    Max Processes :                              -
    Max Threads :                                -
    Run time :                                   1 sec.
    Turnaround time :                            3 sec.

The output (if any) is above this job summary.

