CPU(s):                24
On-line CPU(s) list:   0-23
Thread(s) per core:    1
Socket(s):             2
NUMA node(s):          2
Model name:            Intel(R) Xeon(R) CPU E5-2650 v4 @ 2.20GHz
NUMA node0 CPU(s):     0-11
NUMA node1 CPU(s):     12-23
Loaded dependency [gcc/6.3.0]: binutils/2.29
Loaded module: gcc/6.3.0

Loading gcc/6.3.0
  Loading requirement: binutils/2.29
-O2
gcc -g -O2 -fPIC	    -c -o matmult_fun.o matmult_fun.c
gcc -o libmatmult.so -shared  matmult_fun.o -L/usr/lib64/atlas -lsatlas
mnk
nmk
nkm
mkn
kmn
knm
-O3
gcc -g -O3 -fPIC	    -c -o matmult_fun.o matmult_fun.c
gcc -o libmatmult.so -shared  matmult_fun.o -L/usr/lib64/atlas -lsatlas
mnk
nmk
nkm
mkn
kmn
knm
-Ofast
gcc -g -Ofast -fPIC	    -c -o matmult_fun.o matmult_fun.c
gcc -o libmatmult.so -shared  matmult_fun.o -L/usr/lib64/atlas -lsatlas
mnk
nmk
nkm
mkn
kmn
rm: cannot remove ‘Compile_Data/kmn_-Ofast.dat’: No such file or directory
knm

------------------------------------------------------------
Sender: LSF System <lsfadmin@hpc.dtu.dk>
Subject: Job 11980915: <mm_compiler> in cluster <dcc> Done

Job <mm_compiler> was submitted from host <n-62-30-8> by user <s212415> in cluster <dcc> at Thu Jan  6 17:09:02 2022
Job was executed on host(s) <n-62-21-76>, in queue <hpcintro>, as user <s212415> in cluster <dcc> at Thu Jan  6 17:09:04 2022
</zhome/7a/e/164714> was used as the home directory.
</zhome/7a/e/164714/Desktop/Assignments/Tuning_assign/02614_assign1_tools_SL7> was used as the working directory.
Started at Thu Jan  6 17:09:04 2022
Terminated at Thu Jan  6 17:26:21 2022
Results reported at Thu Jan  6 17:26:21 2022

Your job looked like:

------------------------------------------------------------
# LSBATCH: User input
#!/bin/bash
# 02614 - High-Performance Computing, January 2022
# 
# batch script to run matmult on a decidated server in the hpcintro
# queue
#
#
#BSUB -J mm_compiler
#BSUB -o mm_compiler_%J.out
#BSUB -q hpcintro
#BSUB -n 1
#BSUB -R "rusage[mem=2048]"
#BSUB -W 30

# uncomment the following line, if you want to assure that your job has
# a whole CPU for itself (shared L3 cache)
# #BSUB -R "span[hosts=1] affinity[socket(1)]"

# define the driver name to use
# valid values: matmult_c.studio, matmult_f.studio, matmult_c.gcc or
# matmult_f.gcc
#
EXECUTABLE=matmult_c.gcc

# define the mkn values in the MKN variable
#
SIZES="12 24 36 48 75 102 124 200 250 350 480 730 800 1000 1200 1500"

# define the permutation type in PERM
#
PERM="mnk nmk nkm mkn kmn knm"

# diffrent compiler options
COMPS="-O2 -O3 -Ofast"

# uncomment and set a reasonable BLKSIZE for the blk version
#
# BLKSIZE=1

# enable(1)/disable(0) result checking
export MATMULT_COMPARE=0

# start the collect command with the above settings
lscpu | egrep 'Model name|Socket|Thread|NUMA|CPU\(s\)'
module load gcc
for Comp in $COMPS
do
	echo $Comp
	make clean 
	make OPT="-g $Comp"

(... more ...)
------------------------------------------------------------

Successfully completed.

Resource usage summary:

    CPU time :                                   1033.59 sec.
    Max Memory :                                 56 MB
    Average Memory :                             22.11 MB
    Total Requested Memory :                     2048.00 MB
    Delta Memory :                               1992.00 MB
    Max Swap :                                   -
    Max Processes :                              5
    Max Threads :                                6
    Run time :                                   1037 sec.
    Turnaround time :                            1039 sec.

The output (if any) is above this job summary.

