CPU(s):                24
On-line CPU(s) list:   0-23
Thread(s) per core:    1
Socket(s):             2
NUMA node(s):          2
Model name:            Intel(R) Xeon(R) CPU E5-2650 v4 @ 2.20GHz
NUMA node0 CPU(s):     0-11
NUMA node1 CPU(s):     12-23
Loaded dependency [gcc/6.3.0]: binutils/2.29
Loaded module: gcc/6.3.0

Loading gcc/6.3.0
  Loading requirement: binutils/2.29
-O2
gcc -g -O2 -fPIC	    -c -o matmult_fun.o matmult_fun.c
gcc -o libmatmult.so -shared  matmult_fun.o -L/usr/lib64/atlas -lsatlas
mnk
nmk
nkm
mkn
kmn
knm
-O3
gcc -g -O3 -fPIC	    -c -o matmult_fun.o matmult_fun.c
gcc -o libmatmult.so -shared  matmult_fun.o -L/usr/lib64/atlas -lsatlas
mnk
nmk
nkm
mkn
kmn
knm
-Ofast
gcc -g -Ofast -fPIC	    -c -o matmult_fun.o matmult_fun.c
gcc -o libmatmult.so -shared  matmult_fun.o -L/usr/lib64/atlas -lsatlas
mnk
nmk
nkm
mkn
kmn
knm
funsafe-loop-optimizations
gcc -g -O3 funsafe-loop-optimizations -fPIC	    -c -o matmult_fun.o matmult_fun.c
gcc: error: funsafe-loop-optimizations: No such file or directory
make: *** [matmult_fun.o] Error 1
mnk
rm: cannot remove ‘Compile_Data/mnk_O3_funsafe-loop-optimizations.dat’: No such file or directory
nmk
rm: cannot remove ‘Compile_Data/nmk_O3_funsafe-loop-optimizations.dat’: No such file or directory
nkm
rm: cannot remove ‘Compile_Data/nkm_O3_funsafe-loop-optimizations.dat’: No such file or directory
mkn
rm: cannot remove ‘Compile_Data/mkn_O3_funsafe-loop-optimizations.dat’: No such file or directory
kmn
rm: cannot remove ‘Compile_Data/kmn_O3_funsafe-loop-optimizations.dat’: No such file or directory
knm
rm: cannot remove ‘Compile_Data/knm_O3_funsafe-loop-optimizations.dat’: No such file or directory
floop-interchange
gcc -g -O3 floop-interchange -fPIC	    -c -o matmult_fun.o matmult_fun.c
gcc: error: floop-interchange: No such file or directory
make: *** [matmult_fun.o] Error 1
mnk
rm: cannot remove ‘Compile_Data/mnk_O3_floop-interchange.dat’: No such file or directory
nmk
rm: cannot remove ‘Compile_Data/nmk_O3_floop-interchange.dat’: No such file or directory
nkm
rm: cannot remove ‘Compile_Data/nkm_O3_floop-interchange.dat’: No such file or directory
mkn
rm: cannot remove ‘Compile_Data/mkn_O3_floop-interchange.dat’: No such file or directory
kmn
rm: cannot remove ‘Compile_Data/kmn_O3_floop-interchange.dat’: No such file or directory
knm
rm: cannot remove ‘Compile_Data/knm_O3_floop-interchange.dat’: No such file or directory
fpeel-loops
gcc -g -O3 fpeel-loops -fPIC	    -c -o matmult_fun.o matmult_fun.c
gcc: error: fpeel-loops: No such file or directory
make: *** [matmult_fun.o] Error 1
mnk
rm: cannot remove ‘Compile_Data/mnk_O3_fpeel-loops.dat’: No such file or directory
nmk
rm: cannot remove ‘Compile_Data/nmk_O3_fpeel-loops.dat’: No such file or directory
nkm
rm: cannot remove ‘Compile_Data/nkm_O3_fpeel-loops.dat’: No such file or directory
mkn
rm: cannot remove ‘Compile_Data/mkn_O3_fpeel-loops.dat’: No such file or directory
kmn
rm: cannot remove ‘Compile_Data/kmn_O3_fpeel-loops.dat’: No such file or directory
knm
rm: cannot remove ‘Compile_Data/knm_O3_fpeel-loops.dat’: No such file or directory
funroll-loops
gcc -g -O3 funroll-loops -fPIC	    -c -o matmult_fun.o matmult_fun.c
gcc: error: funroll-loops: No such file or directory
make: *** [matmult_fun.o] Error 1
mnk
rm: cannot remove ‘Compile_Data/mnk_O3_funroll-loops.dat’: No such file or directory
nmk
rm: cannot remove ‘Compile_Data/nmk_O3_funroll-loops.dat’: No such file or directory
nkm
rm: cannot remove ‘Compile_Data/nkm_O3_funroll-loops.dat’: No such file or directory
mkn
rm: cannot remove ‘Compile_Data/mkn_O3_funroll-loops.dat’: No such file or directory
kmn
rm: cannot remove ‘Compile_Data/kmn_O3_funroll-loops.dat’: No such file or directory
knm
rm: cannot remove ‘Compile_Data/knm_O3_funroll-loops.dat’: No such file or directory

------------------------------------------------------------
Sender: LSF System <lsfadmin@hpc.dtu.dk>
Subject: Job 11986126: <mm_compiler> in cluster <dcc> Done

Job <mm_compiler> was submitted from host <n-62-30-1> by user <s212415> in cluster <dcc> at Thu Jan  6 20:57:19 2022
Job was executed on host(s) <n-62-21-75>, in queue <hpcintro>, as user <s212415> in cluster <dcc> at Thu Jan  6 20:57:20 2022
</zhome/7a/e/164714> was used as the home directory.
</zhome/7a/e/164714/Desktop/Assignments/Tuning_assign/02614_assign1_tools_SL7> was used as the working directory.
Started at Thu Jan  6 20:57:20 2022
Terminated at Thu Jan  6 21:37:46 2022
Results reported at Thu Jan  6 21:37:46 2022

Your job looked like:

------------------------------------------------------------
# LSBATCH: User input
#!/bin/bash
# 02614 - High-Performance Computing, January 2022
# 
# batch script to run matmult on a decidated server in the hpcintro
# queue
#
#
#BSUB -J mm_compiler
#BSUB -o mm_compiler_%J.out
#BSUB -q hpcintro
#BSUB -n 1
#BSUB -R "rusage[mem=2048]"
#BSUB -W 60

# uncomment the following line, if you want to assure that your job has
# a whole CPU for itself (shared L3 cache)
# #BSUB -R "span[hosts=1] affinity[socket(1)]"

# define the driver name to use
# valid values: matmult_c.studio, matmult_f.studio, matmult_c.gcc or
# matmult_f.gcc
#
EXECUTABLE=matmult_c.gcc

# define the mkn values in the MKN variable
#
SIZES="12 24 36 48 75 102 124 200 250 350 480 730 800 1000 1200 1500"

# define the permutation type in PERM
#
PERM="mnk nmk nkm mkn kmn knm"

# diffrent compiler options
COMPS="-O2 -O3 -Ofast"
COMP_OPTS="funsafe-loop-optimizations floop-interchange fpeel-loops funroll-loops"
# uncomment and set a reasonable BLKSIZE for the blk version
#
# BLKSIZE=1

# enable(1)/disable(0) result checking
export MATMULT_COMPARE=0

# start the collect command with the above settings
lscpu | egrep 'Model name|Socket|Thread|NUMA|CPU\(s\)'
module load gcc

# run diffrents basic compiler settings
for Comp in $COMPS
do
	echo $Comp

(... more ...)
------------------------------------------------------------

Successfully completed.

Resource usage summary:

    CPU time :                                   2417.88 sec.
    Max Memory :                                 56 MB
    Average Memory :                             14.64 MB
    Total Requested Memory :                     2048.00 MB
    Delta Memory :                               1992.00 MB
    Max Swap :                                   -
    Max Processes :                              5
    Max Threads :                                6
    Run time :                                   2426 sec.
    Turnaround time :                            2427 sec.

The output (if any) is above this job summary.

