CPU(s):                24
On-line CPU(s) list:   0-23
Thread(s) per core:    1
Socket(s):             2
NUMA node(s):          2
Model name:            Intel(R) Xeon(R) CPU E5-2650 v4 @ 2.20GHz
NUMA node0 CPU(s):     0-11
NUMA node1 CPU(s):     12-23
Loaded dependency [gcc/6.3.0]: binutils/2.29
Loaded module: gcc/6.3.0

Loading gcc/6.3.0
  Loading requirement: binutils/2.29
gcc -g -funroll-loops --param max-unroll-times=0 -fPIC	    -c -o matmult_fun.o matmult_fun.c
gcc -o libmatmult.so -shared  matmult_fun.o -L/usr/lib64/atlas -lsatlas
gcc -g -funroll-loops --param max-unroll-times=10 -fPIC	    -c -o matmult_fun.o matmult_fun.c
gcc -o libmatmult.so -shared  matmult_fun.o -L/usr/lib64/atlas -lsatlas
gcc -g -funroll-loops --param max-unroll-times=20 -fPIC	    -c -o matmult_fun.o matmult_fun.c
gcc -o libmatmult.so -shared  matmult_fun.o -L/usr/lib64/atlas -lsatlas
gcc -g -funroll-loops --param max-unroll-times=30 -fPIC	    -c -o matmult_fun.o matmult_fun.c
gcc -o libmatmult.so -shared  matmult_fun.o -L/usr/lib64/atlas -lsatlas
gcc -g -funroll-loops --param max-unroll-times=40 -fPIC	    -c -o matmult_fun.o matmult_fun.c
gcc -o libmatmult.so -shared  matmult_fun.o -L/usr/lib64/atlas -lsatlas
rm: cannot remove ‘Unroll_Data/nkm_40.dat’: No such file or directory
gcc -g -funroll-loops --param max-unroll-times=50 -fPIC	    -c -o matmult_fun.o matmult_fun.c
gcc -o libmatmult.so -shared  matmult_fun.o -L/usr/lib64/atlas -lsatlas
rm: cannot remove ‘Unroll_Data/nkm_50.dat’: No such file or directory
gcc -g -funroll-loops --param max-unroll-times=60 -fPIC	    -c -o matmult_fun.o matmult_fun.c
gcc -o libmatmult.so -shared  matmult_fun.o -L/usr/lib64/atlas -lsatlas
rm: cannot remove ‘Unroll_Data/nkm_60.dat’: No such file or directory
gcc -g -funroll-loops --param max-unroll-times=70 -fPIC	    -c -o matmult_fun.o matmult_fun.c
gcc -o libmatmult.so -shared  matmult_fun.o -L/usr/lib64/atlas -lsatlas
rm: cannot remove ‘Unroll_Data/nkm_70.dat’: No such file or directory
gcc -g -funroll-loops --param max-unroll-times=80 -fPIC	    -c -o matmult_fun.o matmult_fun.c
gcc -o libmatmult.so -shared  matmult_fun.o -L/usr/lib64/atlas -lsatlas
rm: cannot remove ‘Unroll_Data/nkm_80.dat’: No such file or directory
gcc -g -funroll-loops --param max-unroll-times=90 -fPIC	    -c -o matmult_fun.o matmult_fun.c
gcc -o libmatmult.so -shared  matmult_fun.o -L/usr/lib64/atlas -lsatlas
rm: cannot remove ‘Unroll_Data/nkm_90.dat’: No such file or directory
gcc -g -funroll-loops --param max-unroll-times=100 -fPIC	    -c -o matmult_fun.o matmult_fun.c
gcc -o libmatmult.so -shared  matmult_fun.o -L/usr/lib64/atlas -lsatlas
rm: cannot remove ‘Unroll_Data/nkm_100.dat’: No such file or directory

------------------------------------------------------------
Sender: LSF System <lsfadmin@hpc.dtu.dk>
Subject: Job 11988938: <mm_unroll> in cluster <dcc> Done

Job <mm_unroll> was submitted from host <n-62-30-5> by user <s212959> in cluster <dcc> at Fri Jan  7 11:12:40 2022
Job was executed on host(s) <n-62-21-75>, in queue <hpcintro>, as user <s212959> in cluster <dcc> at Fri Jan  7 11:12:40 2022
</zhome/4c/5/165005> was used as the home directory.
</zhome/4c/5/165005/HighPerformanceComputing/Tuning_assign/02614_assign1_tools_SL7> was used as the working directory.
Started at Fri Jan  7 11:12:40 2022
Terminated at Fri Jan  7 11:31:14 2022
Results reported at Fri Jan  7 11:31:14 2022

Your job looked like:

------------------------------------------------------------
# LSBATCH: User input
#!/bin/bash
# 02614 - High-Performance Computing, January 2022
# 
# batch script to run matmult on a decidated server in the hpcintro
# queue
#
#
#BSUB -J mm_unroll
#BSUB -o mm_unroll_%J.out
#BSUB -q hpcintro
#BSUB -n 1
#BSUB -R "rusage[mem=2048]"
#BSUB -W 60

# uncomment the following line, if you want to assure that your job has
# a whole CPU for itself (shared L3 cache)
# #BSUB -R "span[hosts=1] affinity[socket(1)]"

# define the driver name to use
# valid values: matmult_c.studio, matmult_f.studio, matmult_c.gcc or
# matmult_f.gcc
#
EXECUTABLE=matmult_c.gcc

# define the mkn values in the MKN variable
#
#SIZES="12 24 30 48 124 170 200 250 350 480 520 730 800 900 1000 1500"
SIZES="12 24 36 48 75 102 124 200 250 350 480 730 800 1000 1200 1500"

# define the permutation type in PERM
#
#PERM="mnk nmk nkm mkn kmn knm"
PERM="nkm"

# diffrent compiler options
UNROLL="0 10 20 30 40 50 60 70 80 90 100"

# uncomment and set a reasonable BLKSIZE for the blk version
#
# BLKSIZE=1

# enable(1)/disable(0) result checking
export MATMULT_COMPARE=0

# start the collect command with the above settings
lscpu | egrep 'Model name|Socket|Thread|NUMA|CPU\(s\)'
module load gcc
for n in $UNROLL
do
	make clean 

(... more ...)
------------------------------------------------------------

Successfully completed.

Resource usage summary:

    CPU time :                                   1110.94 sec.
    Max Memory :                                 56 MB
    Average Memory :                             22.67 MB
    Total Requested Memory :                     2048.00 MB
    Delta Memory :                               1992.00 MB
    Max Swap :                                   -
    Max Processes :                              5
    Max Threads :                                6
    Run time :                                   1114 sec.
    Turnaround time :                            1114 sec.

The output (if any) is above this job summary.

